----------------------------------------------------------------------
Marvellous Process Log
Log file creted at : Sun Jun  2 09:25:48 2024
----------------------------------------------------------------------
CONTENTS OF LOG FILE
----------------------------------------------------------------------
{'name': 'systemd', 'pid': 1, 'username': 'root'} 
{'name': 'kthreadd', 'pid': 2, 'username': 'root'} 
{'name': 'rcu_gp', 'pid': 3, 'username': 'root'} 
{'name': 'rcu_par_gp', 'pid': 4, 'username': 'root'} 
{'name': 'slub_flushwq', 'pid': 5, 'username': 'root'} 
{'name': 'netns', 'pid': 6, 'username': 'root'} 
{'name': 'kworker/0:0H-events_highpri', 'pid': 8, 'username': 'root'} 
{'name': 'mm_percpu_wq', 'pid': 11, 'username': 'root'} 
{'name': 'rcu_tasks_kthread', 'pid': 12, 'username': 'root'} 
{'name': 'rcu_tasks_rude_kthread', 'pid': 13, 'username': 'root'} 
{'name': 'rcu_tasks_trace_kthread', 'pid': 14, 'username': 'root'} 
{'name': 'ksoftirqd/0', 'pid': 15, 'username': 'root'} 
{'name': 'rcu_preempt', 'pid': 16, 'username': 'root'} 
{'name': 'migration/0', 'pid': 17, 'username': 'root'} 
{'name': 'idle_inject/0', 'pid': 18, 'username': 'root'} 
{'name': 'cpuhp/0', 'pid': 19, 'username': 'root'} 
{'name': 'cpuhp/2', 'pid': 20, 'username': 'root'} 
{'name': 'idle_inject/2', 'pid': 21, 'username': 'root'} 
{'name': 'migration/2', 'pid': 22, 'username': 'root'} 
{'name': 'ksoftirqd/2', 'pid': 23, 'username': 'root'} 
{'name': 'kworker/2:0H-events_highpri', 'pid': 25, 'username': 'root'} 
{'name': 'cpuhp/4', 'pid': 26, 'username': 'root'} 
{'name': 'idle_inject/4', 'pid': 27, 'username': 'root'} 
{'name': 'migration/4', 'pid': 28, 'username': 'root'} 
{'name': 'ksoftirqd/4', 'pid': 29, 'username': 'root'} 
{'name': 'kworker/4:0H-events_highpri', 'pid': 31, 'username': 'root'} 
{'name': 'cpuhp/6', 'pid': 32, 'username': 'root'} 
{'name': 'idle_inject/6', 'pid': 33, 'username': 'root'} 
{'name': 'migration/6', 'pid': 34, 'username': 'root'} 
{'name': 'ksoftirqd/6', 'pid': 35, 'username': 'root'} 
{'name': 'kworker/6:0H-events_highpri', 'pid': 37, 'username': 'root'} 
{'name': 'cpuhp/8', 'pid': 38, 'username': 'root'} 
{'name': 'idle_inject/8', 'pid': 39, 'username': 'root'} 
{'name': 'migration/8', 'pid': 40, 'username': 'root'} 
{'name': 'ksoftirqd/8', 'pid': 41, 'username': 'root'} 
{'name': 'kworker/8:0H-events_highpri', 'pid': 43, 'username': 'root'} 
{'name': 'cpuhp/9', 'pid': 44, 'username': 'root'} 
{'name': 'idle_inject/9', 'pid': 45, 'username': 'root'} 
{'name': 'migration/9', 'pid': 46, 'username': 'root'} 
{'name': 'ksoftirqd/9', 'pid': 47, 'username': 'root'} 
{'name': 'kworker/9:0H-events_highpri', 'pid': 49, 'username': 'root'} 
{'name': 'cpuhp/10', 'pid': 50, 'username': 'root'} 
{'name': 'idle_inject/10', 'pid': 51, 'username': 'root'} 
{'name': 'migration/10', 'pid': 52, 'username': 'root'} 
{'name': 'ksoftirqd/10', 'pid': 53, 'username': 'root'} 
{'name': 'kworker/10:0H-events_highpri', 'pid': 55, 'username': 'root'} 
{'name': 'cpuhp/11', 'pid': 56, 'username': 'root'} 
{'name': 'idle_inject/11', 'pid': 57, 'username': 'root'} 
{'name': 'migration/11', 'pid': 58, 'username': 'root'} 
{'name': 'ksoftirqd/11', 'pid': 59, 'username': 'root'} 
{'name': 'kworker/11:0H-events_highpri', 'pid': 61, 'username': 'root'} 
{'name': 'cpuhp/12', 'pid': 62, 'username': 'root'} 
{'name': 'idle_inject/12', 'pid': 63, 'username': 'root'} 
{'name': 'migration/12', 'pid': 64, 'username': 'root'} 
{'name': 'ksoftirqd/12', 'pid': 65, 'username': 'root'} 
{'name': 'kworker/12:0H-events_highpri', 'pid': 67, 'username': 'root'} 
{'name': 'cpuhp/13', 'pid': 68, 'username': 'root'} 
{'name': 'idle_inject/13', 'pid': 69, 'username': 'root'} 
{'name': 'migration/13', 'pid': 70, 'username': 'root'} 
{'name': 'ksoftirqd/13', 'pid': 71, 'username': 'root'} 
{'name': 'kworker/13:0H-events_highpri', 'pid': 73, 'username': 'root'} 
{'name': 'cpuhp/14', 'pid': 74, 'username': 'root'} 
{'name': 'idle_inject/14', 'pid': 75, 'username': 'root'} 
{'name': 'migration/14', 'pid': 76, 'username': 'root'} 
{'name': 'ksoftirqd/14', 'pid': 77, 'username': 'root'} 
{'name': 'kworker/14:0H-events_highpri', 'pid': 79, 'username': 'root'} 
{'name': 'cpuhp/15', 'pid': 80, 'username': 'root'} 
{'name': 'idle_inject/15', 'pid': 81, 'username': 'root'} 
{'name': 'migration/15', 'pid': 82, 'username': 'root'} 
{'name': 'ksoftirqd/15', 'pid': 83, 'username': 'root'} 
{'name': 'kworker/15:0H-events_highpri', 'pid': 85, 'username': 'root'} 
{'name': 'cpuhp/1', 'pid': 86, 'username': 'root'} 
{'name': 'idle_inject/1', 'pid': 87, 'username': 'root'} 
{'name': 'migration/1', 'pid': 88, 'username': 'root'} 
{'name': 'ksoftirqd/1', 'pid': 89, 'username': 'root'} 
{'name': 'kworker/1:0H-events_highpri', 'pid': 91, 'username': 'root'} 
{'name': 'cpuhp/3', 'pid': 92, 'username': 'root'} 
{'name': 'idle_inject/3', 'pid': 93, 'username': 'root'} 
{'name': 'migration/3', 'pid': 94, 'username': 'root'} 
{'name': 'ksoftirqd/3', 'pid': 95, 'username': 'root'} 
{'name': 'kworker/3:0H-events_highpri', 'pid': 97, 'username': 'root'} 
{'name': 'cpuhp/5', 'pid': 98, 'username': 'root'} 
{'name': 'idle_inject/5', 'pid': 99, 'username': 'root'} 
{'name': 'migration/5', 'pid': 100, 'username': 'root'} 
{'name': 'ksoftirqd/5', 'pid': 101, 'username': 'root'} 
{'name': 'kworker/5:0H-events_highpri', 'pid': 103, 'username': 'root'} 
{'name': 'cpuhp/7', 'pid': 104, 'username': 'root'} 
{'name': 'idle_inject/7', 'pid': 105, 'username': 'root'} 
{'name': 'migration/7', 'pid': 106, 'username': 'root'} 
{'name': 'ksoftirqd/7', 'pid': 107, 'username': 'root'} 
{'name': 'kworker/7:0H-events_highpri', 'pid': 109, 'username': 'root'} 
{'name': 'kdevtmpfs', 'pid': 110, 'username': 'root'} 
{'name': 'inet_frag_wq', 'pid': 111, 'username': 'root'} 
{'name': 'kauditd', 'pid': 112, 'username': 'root'} 
{'name': 'khungtaskd', 'pid': 114, 'username': 'root'} 
{'name': 'oom_reaper', 'pid': 115, 'username': 'root'} 
{'name': 'writeback', 'pid': 117, 'username': 'root'} 
{'name': 'kcompactd0', 'pid': 118, 'username': 'root'} 
{'name': 'ksmd', 'pid': 119, 'username': 'root'} 
{'name': 'khugepaged', 'pid': 121, 'username': 'root'} 
{'name': 'kintegrityd', 'pid': 122, 'username': 'root'} 
{'name': 'kblockd', 'pid': 123, 'username': 'root'} 
{'name': 'blkcg_punt_bio', 'pid': 124, 'username': 'root'} 
{'name': 'kworker/13:1-mm_percpu_wq', 'pid': 137, 'username': 'root'} 
{'name': 'tpm_dev_wq', 'pid': 139, 'username': 'root'} 
{'name': 'ata_sff', 'pid': 140, 'username': 'root'} 
{'name': 'md', 'pid': 141, 'username': 'root'} 
{'name': 'md_bitmap', 'pid': 142, 'username': 'root'} 
{'name': 'edac-poller', 'pid': 143, 'username': 'root'} 
{'name': 'devfreq_wq', 'pid': 144, 'username': 'root'} 
{'name': 'watchdogd', 'pid': 145, 'username': 'root'} 
{'name': 'kworker/4:1H-events_highpri', 'pid': 146, 'username': 'root'} 
{'name': 'kswapd0', 'pid': 147, 'username': 'root'} 
{'name': 'ecryptfs-kthread', 'pid': 148, 'username': 'root'} 
{'name': 'kthrotld', 'pid': 149, 'username': 'root'} 
{'name': 'irq/123-pciehp', 'pid': 150, 'username': 'root'} 
{'name': 'acpi_thermal_pm', 'pid': 151, 'username': 'root'} 
{'name': 'hwrng', 'pid': 152, 'username': 'root'} 
{'name': 'hfi-updates', 'pid': 153, 'username': 'root'} 
{'name': 'mld', 'pid': 156, 'username': 'root'} 
{'name': 'ipv6_addrconf', 'pid': 157, 'username': 'root'} 
{'name': 'kstrp', 'pid': 164, 'username': 'root'} 
{'name': 'charger_manager', 'pid': 171, 'username': 'root'} 
{'name': 'kworker/6:1H-events_highpri', 'pid': 191, 'username': 'root'} 
{'name': 'kworker/0:1H-events_highpri', 'pid': 194, 'username': 'root'} 
{'name': 'kworker/2:1H-events_highpri', 'pid': 195, 'username': 'root'} 
{'name': 'kworker/1:1H-events_highpri', 'pid': 208, 'username': 'root'} 
{'name': 'kworker/10:1H-events_highpri', 'pid': 210, 'username': 'root'} 
{'name': 'kworker/3:1H-kblockd', 'pid': 211, 'username': 'root'} 
{'name': 'kworker/7:1H-kblockd', 'pid': 212, 'username': 'root'} 
{'name': 'kworker/5:1H-kblockd', 'pid': 213, 'username': 'root'} 
{'name': 'kworker/8:1H-events_highpri', 'pid': 214, 'username': 'root'} 
{'name': 'kworker/9:1H-events_highpri', 'pid': 215, 'username': 'root'} 
{'name': 'kworker/13:1H-events_highpri', 'pid': 216, 'username': 'root'} 
{'name': 'kworker/11:1H-events_highpri', 'pid': 217, 'username': 'root'} 
{'name': 'kworker/14:1H-events_highpri', 'pid': 218, 'username': 'root'} 
{'name': 'kworker/15:1H-events_highpri', 'pid': 219, 'username': 'root'} 
{'name': 'kworker/12:1H-events_highpri', 'pid': 237, 'username': 'root'} 
{'name': 'cryptd', 'pid': 273, 'username': 'root'} 
{'name': 'irq/163-ELAN0518:01', 'pid': 275, 'username': 'root'} 
{'name': 'USBC000:00-con1', 'pid': 281, 'username': 'root'} 
{'name': 'scsi_eh_0', 'pid': 282, 'username': 'root'} 
{'name': 'scsi_tmf_0', 'pid': 283, 'username': 'root'} 
{'name': 'nvme-wq', 'pid': 284, 'username': 'root'} 
{'name': 'nvme-reset-wq', 'pid': 285, 'username': 'root'} 
{'name': 'nvme-delete-wq', 'pid': 286, 'username': 'root'} 
{'name': 'nvme-auth-wq', 'pid': 287, 'username': 'root'} 
{'name': 'nv_queue', 'pid': 289, 'username': 'root'} 
{'name': 'nv_queue', 'pid': 290, 'username': 'root'} 
{'name': 'nvidia-modeset/kthread_q', 'pid': 292, 'username': 'root'} 
{'name': 'nvidia-modeset/deferred_close_kthread_q', 'pid': 293, 'username': 'root'} 
{'name': 'irq/175-nvidia', 'pid': 295, 'username': 'root'} 
{'name': 'nvidia', 'pid': 296, 'username': 'root'} 
{'name': 'nv_queue', 'pid': 297, 'username': 'root'} 
{'name': 'ttm', 'pid': 298, 'username': 'root'} 
{'name': 'card1-crtc0', 'pid': 299, 'username': 'root'} 
{'name': 'card1-crtc1', 'pid': 300, 'username': 'root'} 
{'name': 'card1-crtc2', 'pid': 301, 'username': 'root'} 
{'name': 'card1-crtc3', 'pid': 302, 'username': 'root'} 
{'name': 'jbd2/nvme0n1p2-8', 'pid': 428, 'username': 'root'} 
{'name': 'ext4-rsv-conver', 'pid': 429, 'username': 'root'} 
{'name': 'systemd-journald', 'pid': 473, 'username': 'root'} 
{'name': 'systemd-udevd', 'pid': 530, 'username': 'root'} 
{'name': 'UVM global queue', 'pid': 671, 'username': 'root'} 
{'name': 'UVM deferred release queue', 'pid': 672, 'username': 'root'} 
{'name': 'UVM Tools Event Queue', 'pid': 673, 'username': 'root'} 
{'name': 'cfg80211', 'pid': 685, 'username': 'root'} 
{'name': 'irq/177-mei_me', 'pid': 688, 'username': 'root'} 
{'name': 'kworker/u32:12-i915', 'pid': 731, 'username': 'root'} 
{'name': 'irq/178-iwlwifi:default_queue', 'pid': 743, 'username': 'root'} 
{'name': 'irq/179-iwlwifi:queue_1', 'pid': 744, 'username': 'root'} 
{'name': 'irq/180-iwlwifi:queue_2', 'pid': 745, 'username': 'root'} 
{'name': 'irq/181-iwlwifi:queue_3', 'pid': 746, 'username': 'root'} 
{'name': 'irq/182-iwlwifi:queue_4', 'pid': 747, 'username': 'root'} 
{'name': 'irq/183-iwlwifi:queue_5', 'pid': 748, 'username': 'root'} 
{'name': 'irq/184-iwlwifi:queue_6', 'pid': 749, 'username': 'root'} 
{'name': 'irq/185-iwlwifi:queue_7', 'pid': 751, 'username': 'root'} 
{'name': 'irq/186-iwlwifi:queue_8', 'pid': 752, 'username': 'root'} 
{'name': 'irq/187-iwlwifi:queue_9', 'pid': 753, 'username': 'root'} 
{'name': 'irq/188-iwlwifi:queue_10', 'pid': 754, 'username': 'root'} 
{'name': 'irq/189-iwlwifi:queue_11', 'pid': 755, 'username': 'root'} 
{'name': 'irq/190-iwlwifi:queue_12', 'pid': 756, 'username': 'root'} 
{'name': 'irq/191-iwlwifi:queue_13', 'pid': 757, 'username': 'root'} 
{'name': 'irq/192-iwlwifi:queue_14', 'pid': 758, 'username': 'root'} 
{'name': 'irq/193-iwlwifi:exception', 'pid': 759, 'username': 'root'} 
{'name': 'systemd-oomd', 'pid': 796, 'username': 'systemd-oom'} 
{'name': 'systemd-resolved', 'pid': 798, 'username': 'systemd-resolve'} 
{'name': 'systemd-timesyncd', 'pid': 799, 'username': 'systemd-timesync'} 
{'name': 'haveged', 'pid': 802, 'username': 'root'} 
{'name': 'irq/195-AudioDSP', 'pid': 873, 'username': 'root'} 
{'name': 'accounts-daemon', 'pid': 875, 'username': 'root'} 
{'name': 'acpid', 'pid': 876, 'username': 'root'} 
{'name': 'avahi-daemon', 'pid': 879, 'username': 'avahi'} 
{'name': 'bluetoothd', 'pid': 880, 'username': 'root'} 
{'name': 'cron', 'pid': 882, 'username': 'root'} 
{'name': 'dbus-daemon', 'pid': 883, 'username': 'messagebus'} 
{'name': 'NetworkManager', 'pid': 888, 'username': 'root'} 
{'name': 'irqbalance', 'pid': 894, 'username': 'root'} 
{'name': 'polkitd', 'pid': 897, 'username': 'root'} 
{'name': 'power-profiles-daemon', 'pid': 899, 'username': 'root'} 
{'name': 'nvidia-persistenced', 'pid': 901, 'username': 'nvidia-persistenced'} 
{'name': 'rsyslogd', 'pid': 902, 'username': 'syslog'} 
{'name': 'smartd', 'pid': 906, 'username': 'root'} 
{'name': 'snapd', 'pid': 911, 'username': 'root'} 
{'name': 'switcheroo-control', 'pid': 913, 'username': 'root'} 
{'name': 'systemd-logind', 'pid': 916, 'username': 'root'} 
{'name': 'thermald', 'pid': 919, 'username': 'root'} 
{'name': 'udisksd', 'pid': 921, 'username': 'root'} 
{'name': 'wpa_supplicant', 'pid': 923, 'username': 'root'} 
{'name': 'avahi-daemon', 'pid': 929, 'username': 'avahi'} 
{'name': 'cupsd', 'pid': 978, 'username': 'root'} 
{'name': 'canonical-livepatchd', 'pid': 980, 'username': 'root'} 
{'name': 'ModemManager', 'pid': 995, 'username': 'root'} 
{'name': 'boltd', 'pid': 997, 'username': 'root'} 
{'name': 'unattended-upgr', 'pid': 1007, 'username': 'root'} 
{'name': 'containerd', 'pid': 1009, 'username': 'root'} 
{'name': 'dbus', 'pid': 1012, 'username': 'lp'} 
{'name': 'dbus', 'pid': 1013, 'username': 'lp'} 
{'name': 'sddm', 'pid': 1045, 'username': 'root'} 
{'name': 'Xorg', 'pid': 1061, 'username': 'root'} 
{'name': 'upowerd', 'pid': 1122, 'username': 'root'} 
{'name': 'rtkit-daemon', 'pid': 1229, 'username': 'rtkit'} 
{'name': 'krfcommd', 'pid': 1322, 'username': 'root'} 
{'name': 'cups-browsed', 'pid': 1596, 'username': 'root'} 
{'name': 'dockerd', 'pid': 1603, 'username': 'root'} 
{'name': 'kerneloops', 'pid': 1612, 'username': 'kernoops'} 
{'name': 'kerneloops', 'pid': 1619, 'username': 'kernoops'} 
{'name': 'sddm-helper', 'pid': 2476, 'username': 'root'} 
{'name': 'systemd', 'pid': 2478, 'username': 'jiteshvarade'} 
{'name': '(sd-pam)', 'pid': 2480, 'username': 'jiteshvarade'} 
{'name': 'pipewire', 'pid': 2486, 'username': 'jiteshvarade'} 
{'name': 'pipewire-media-session', 'pid': 2487, 'username': 'jiteshvarade'} 
{'name': 'pulseaudio', 'pid': 2488, 'username': 'jiteshvarade'} 
{'name': 'dbus-daemon', 'pid': 2497, 'username': 'jiteshvarade'} 
{'name': 'gnome-keyring-daemon', 'pid': 2499, 'username': 'jiteshvarade'} 
{'name': 'xdg-document-portal', 'pid': 2518, 'username': 'jiteshvarade'} 
{'name': 'xdg-permission-store', 'pid': 2521, 'username': 'jiteshvarade'} 
{'name': 'fusermount3', 'pid': 2527, 'username': 'jiteshvarade'} 
{'name': 'kwalletd5', 'pid': 2534, 'username': 'jiteshvarade'} 
{'name': 'startplasma-x11', 'pid': 2541, 'username': 'jiteshvarade'} 
{'name': 'ssh-agent', 'pid': 2608, 'username': 'jiteshvarade'} 
{'name': 'ibus-daemon', 'pid': 2626, 'username': 'jiteshvarade'} 
{'name': 'gvfsd', 'pid': 2634, 'username': 'jiteshvarade'} 
{'name': 'gvfsd-fuse', 'pid': 2650, 'username': 'jiteshvarade'} 
{'name': 'ibus-dconf', 'pid': 2652, 'username': 'jiteshvarade'} 
{'name': 'ibus-ui-gtk3', 'pid': 2654, 'username': 'jiteshvarade'} 
{'name': 'ibus-extension-gtk3', 'pid': 2658, 'username': 'jiteshvarade'} 
{'name': 'ibus-x11', 'pid': 2661, 'username': 'jiteshvarade'} 
{'name': 'ibus-portal', 'pid': 2665, 'username': 'jiteshvarade'} 
{'name': 'gsettings-helper', 'pid': 2674, 'username': 'jiteshvarade'} 
{'name': 'at-spi-bus-launcher', 'pid': 2723, 'username': 'jiteshvarade'} 
{'name': 'dbus-daemon', 'pid': 2736, 'username': 'jiteshvarade'} 
{'name': 'at-spi2-registryd', 'pid': 2749, 'username': 'jiteshvarade'} 
{'name': 'ibus-engine-simple', 'pid': 2755, 'username': 'jiteshvarade'} 
{'name': 'xdg-desktop-portal', 'pid': 2778, 'username': 'jiteshvarade'} 
{'name': 'plasma_session', 'pid': 2779, 'username': 'jiteshvarade'} 
{'name': 'xdg-desktop-portal-gnome', 'pid': 2791, 'username': 'jiteshvarade'} 
{'name': 'start_kdeinit', 'pid': 2795, 'username': 'jiteshvarade'} 
{'name': 'kdeinit5', 'pid': 2796, 'username': 'jiteshvarade'} 
{'name': 'klauncher', 'pid': 2805, 'username': 'jiteshvarade'} 
{'name': 'kded5', 'pid': 2857, 'username': 'jiteshvarade'} 
{'name': 'kwin_x11', 'pid': 2866, 'username': 'jiteshvarade'} 
{'name': 'xdg-desktop-portal-kde', 'pid': 2867, 'username': 'jiteshvarade'} 
{'name': 'kactivitymanagerd', 'pid': 2870, 'username': 'jiteshvarade'} 
{'name': 'kglobalaccel5', 'pid': 2871, 'username': 'jiteshvarade'} 
{'name': 'xdg-desktop-portal-gtk', 'pid': 2883, 'username': 'jiteshvarade'} 
{'name': 'gnome-keyring-daemon', 'pid': 2930, 'username': 'jiteshvarade'} 
{'name': 'ksmserver', 'pid': 2937, 'username': 'jiteshvarade'} 
{'name': 'dconf-service', 'pid': 2945, 'username': 'jiteshvarade'} 
{'name': 'kaccess', 'pid': 2954, 'username': 'jiteshvarade'} 
{'name': 'org_kde_powerdevil', 'pid': 2958, 'username': 'jiteshvarade'} 
{'name': 'xembedsniproxy', 'pid': 2960, 'username': 'jiteshvarade'} 
{'name': 'xsettingsd', 'pid': 2962, 'username': 'jiteshvarade'} 
{'name': 'polkit-kde-authentication-agent-1', 'pid': 2965, 'username': 'jiteshvarade'} 
{'name': 'plasmashell', 'pid': 2968, 'username': 'jiteshvarade'} 
{'name': 'kdeconnectd', 'pid': 2987, 'username': 'jiteshvarade'} 
{'name': 'DiscoverNotifier', 'pid': 2990, 'username': 'jiteshvarade'} 
{'name': 'gmenudbusmenuproxy', 'pid': 2997, 'username': 'jiteshvarade'} 
{'name': 'agent', 'pid': 3047, 'username': 'jiteshvarade'} 
{'name': 'packagekitd', 'pid': 3055, 'username': 'root'} 
{'name': 'evolution-alarm-notify', 'pid': 3105, 'username': 'jiteshvarade'} 
{'name': 'tracker-miner-fs-3', 'pid': 3113, 'username': 'jiteshvarade'} 
{'name': 'kscreen_backend_launcher', 'pid': 3143, 'username': 'jiteshvarade'} 
{'name': 'evolution-source-registry', 'pid': 3151, 'username': 'jiteshvarade'} 
{'name': 'goa-daemon', 'pid': 3159, 'username': 'jiteshvarade'} 
{'name': 'goa-identity-service', 'pid': 3169, 'username': 'jiteshvarade'} 
{'name': 'evolution-calendar-factory', 'pid': 3179, 'username': 'jiteshvarade'} 
{'name': 'obexd', 'pid': 3185, 'username': 'jiteshvarade'} 
{'name': 'evolution-addressbook-factory', 'pid': 3198, 'username': 'jiteshvarade'} 
{'name': 'snapd-desktop-integration', 'pid': 3235, 'username': 'jiteshvarade'} 
{'name': 'snapd-desktop-integration', 'pid': 3293, 'username': 'jiteshvarade'} 
{'name': 'gvfs-udisks2-volume-monitor', 'pid': 3437, 'username': 'jiteshvarade'} 
{'name': 'gvfs-gphoto2-volume-monitor', 'pid': 3442, 'username': 'jiteshvarade'} 
{'name': 'gvfs-goa-volume-monitor', 'pid': 3446, 'username': 'jiteshvarade'} 
{'name': 'gvfs-afc-volume-monitor', 'pid': 3450, 'username': 'jiteshvarade'} 
{'name': 'gvfs-mtp-volume-monitor', 'pid': 3455, 'username': 'jiteshvarade'} 
{'name': 'kioslave5', 'pid': 3521, 'username': 'jiteshvarade'} 
{'name': 'kworker/8:0-events', 'pid': 3664, 'username': 'root'} 
{'name': 'chrome', 'pid': 4673, 'username': 'jiteshvarade'} 
{'name': 'cat', 'pid': 4678, 'username': 'jiteshvarade'} 
{'name': 'cat', 'pid': 4679, 'username': 'jiteshvarade'} 
{'name': 'chrome_crashpad_handler', 'pid': 4681, 'username': 'jiteshvarade'} 
{'name': 'chrome_crashpad_handler', 'pid': 4683, 'username': 'jiteshvarade'} 
{'name': 'chrome', 'pid': 4689, 'username': 'jiteshvarade'} 
{'name': 'chrome', 'pid': 4690, 'username': 'jiteshvarade'} 
{'name': 'chrome', 'pid': 4692, 'username': 'jiteshvarade'} 
{'name': 'chrome', 'pid': 4720, 'username': 'jiteshvarade'} 
{'name': 'chrome', 'pid': 4724, 'username': 'jiteshvarade'} 
{'name': 'chrome', 'pid': 4735, 'username': 'jiteshvarade'} 
{'name': 'chrome', 'pid': 4810, 'username': 'jiteshvarade'} 
{'name': 'chrome', 'pid': 5071, 'username': 'jiteshvarade'} 
{'name': 'zoom', 'pid': 5253, 'username': 'jiteshvarade'} 
{'name': 'zoom', 'pid': 5254, 'username': 'jiteshvarade'} 
{'name': 'zoom', 'pid': 5267, 'username': 'jiteshvarade'} 
{'name': 'zoom', 'pid': 5268, 'username': 'jiteshvarade'} 
{'name': 'zoom', 'pid': 5284, 'username': 'jiteshvarade'} 
{'name': 'zoom', 'pid': 5299, 'username': 'jiteshvarade'} 
{'name': 'zoom', 'pid': 5369, 'username': 'jiteshvarade'} 
{'name': 'kworker/12:0-events', 'pid': 5486, 'username': 'root'} 
{'name': 'chrome', 'pid': 5526, 'username': 'jiteshvarade'} 
{'name': 'gvfsd-trash', 'pid': 5788, 'username': 'jiteshvarade'} 
{'name': 'gvfsd-burn', 'pid': 5814, 'username': 'jiteshvarade'} 
{'name': 'gvfsd-metadata', 'pid': 5912, 'username': 'jiteshvarade'} 
{'name': 'kworker/6:2-events', 'pid': 6384, 'username': 'root'} 
{'name': 'kworker/u32:3-i915', 'pid': 10717, 'username': 'root'} 
{'name': 'kworker/15:0-i915-unordered', 'pid': 11363, 'username': 'root'} 
{'name': 'tls-strp', 'pid': 12807, 'username': 'root'} 
{'name': 'kworker/7:2-events', 'pid': 13093, 'username': 'root'} 
{'name': 'kworker/2:0-events', 'pid': 13812, 'username': 'root'} 
{'name': 'kworker/8:1', 'pid': 13824, 'username': 'root'} 
{'name': 'kworker/3:1-i915-unordered', 'pid': 14769, 'username': 'root'} 
{'name': 'kworker/5:2-events', 'pid': 15057, 'username': 'root'} 
{'name': 'kworker/14:2-events', 'pid': 19960, 'username': 'root'} 
{'name': 'kworker/u33:0-uvcvideo', 'pid': 25026, 'username': 'root'} 
{'name': 'kworker/6:1-events_freezable', 'pid': 25730, 'username': 'root'} 
{'name': 'kworker/1:0-events', 'pid': 28047, 'username': 'root'} 
{'name': 'kworker/13:2', 'pid': 28795, 'username': 'root'} 
{'name': 'kworker/u33:1-rb_allocator', 'pid': 29865, 'username': 'root'} 
{'name': 'kworker/1:1-events', 'pid': 30182, 'username': 'root'} 
{'name': 'kworker/11:2-events', 'pid': 30633, 'username': 'root'} 
{'name': 'kworker/u32:1-i915', 'pid': 30974, 'username': 'root'} 
{'name': 'kworker/12:1-inet_frag_wq', 'pid': 31003, 'username': 'root'} 
{'name': 'kworker/10:1-events', 'pid': 31081, 'username': 'root'} 
{'name': 'kworker/0:1', 'pid': 31337, 'username': 'root'} 
{'name': 'kworker/5:3-events', 'pid': 31342, 'username': 'root'} 
{'name': 'chrome', 'pid': 31538, 'username': 'jiteshvarade'} 
{'name': 'chrome', 'pid': 31604, 'username': 'jiteshvarade'} 
{'name': 'nautilus', 'pid': 31723, 'username': 'jiteshvarade'} 
{'name': 'gnome-terminal-server', 'pid': 31754, 'username': 'jiteshvarade'} 
{'name': 'bash', 'pid': 31780, 'username': 'jiteshvarade'} 
{'name': 'code', 'pid': 32008, 'username': 'jiteshvarade'} 
{'name': 'code', 'pid': 32011, 'username': 'jiteshvarade'} 
{'name': 'code', 'pid': 32012, 'username': 'jiteshvarade'} 
{'name': 'code', 'pid': 32014, 'username': 'jiteshvarade'} 
{'name': 'chrome_crashpad_handler', 'pid': 32028, 'username': 'jiteshvarade'} 
{'name': 'code', 'pid': 32043, 'username': 'jiteshvarade'} 
{'name': 'code', 'pid': 32048, 'username': 'jiteshvarade'} 
{'name': 'code', 'pid': 32063, 'username': 'jiteshvarade'} 
{'name': 'code', 'pid': 32141, 'username': 'jiteshvarade'} 
{'name': 'code', 'pid': 32152, 'username': 'jiteshvarade'} 
{'name': 'code', 'pid': 32153, 'username': 'jiteshvarade'} 
{'name': 'code', 'pid': 32222, 'username': 'jiteshvarade'} 
{'name': 'code', 'pid': 32356, 'username': 'jiteshvarade'} 
{'name': 'code', 'pid': 32364, 'username': 'jiteshvarade'} 
{'name': 'bash', 'pid': 32384, 'username': 'jiteshvarade'} 
{'name': 'code', 'pid': 32612, 'username': 'jiteshvarade'} 
{'name': 'code', 'pid': 32666, 'username': 'jiteshvarade'} 
{'name': 'kworker/14:1-mm_percpu_wq', 'pid': 32756, 'username': 'root'} 
{'name': 'kworker/2:1', 'pid': 33328, 'username': 'root'} 
{'name': 'kworker/0:0-events', 'pid': 33877, 'username': 'root'} 
{'name': 'kworker/15:1-i915-unordered', 'pid': 34276, 'username': 'root'} 
{'name': 'kworker/4:2-events', 'pid': 34633, 'username': 'root'} 
{'name': 'kworker/9:0', 'pid': 35788, 'username': 'root'} 
{'name': 'kworker/u32:0-i915', 'pid': 37348, 'username': 'root'} 
{'name': 'kworker/u33:3+i915_flip', 'pid': 37590, 'username': 'root'} 
{'name': 'kworker/3:2-events', 'pid': 38321, 'username': 'root'} 
{'name': 'kworker/7:1', 'pid': 38516, 'username': 'root'} 
{'name': 'kworker/9:1-i915-unordered', 'pid': 38976, 'username': 'root'} 
{'name': 'kworker/11:1-events', 'pid': 38993, 'username': 'root'} 
{'name': 'kworker/10:0-events', 'pid': 39236, 'username': 'root'} 
{'name': 'kworker/4:1-events', 'pid': 39327, 'username': 'root'} 
{'name': 'kworker/u33:2-uvcvideo', 'pid': 39473, 'username': 'root'} 
{'name': 'kworker/0:2-i915-unordered', 'pid': 39807, 'username': 'root'} 
{'name': 'kworker/3:0-events', 'pid': 40067, 'username': 'root'} 
{'name': 'kworker/12:2-events', 'pid': 40469, 'username': 'root'} 
{'name': 'kworker/11:0-events', 'pid': 40782, 'username': 'root'} 
{'name': 'kworker/10:2-events', 'pid': 40940, 'username': 'root'} 
{'name': 'kworker/u33:4-uvcvideo', 'pid': 41064, 'username': 'root'} 
{'name': 'chrome', 'pid': 41084, 'username': 'jiteshvarade'} 
{'name': 'kworker/9:2', 'pid': 41118, 'username': 'root'} 
{'name': 'kworker/u32:2-flush-259:0', 'pid': 41209, 'username': 'root'} 
{'name': 'kworker/14:0-events', 'pid': 41231, 'username': 'root'} 
{'name': 'kworker/u32:4', 'pid': 41270, 'username': 'root'} 
{'name': 'tracker-extract-3', 'pid': 41382, 'username': 'jiteshvarade'} 
{'name': 'python3', 'pid': 41438, 'username': 'jiteshvarade'} 
----------------------------------------------------------------------
