----------------------------------------------------------------------
Marvellous Process Log
Log file creted at : Sun Jun  2 09:48:44 2024
----------------------------------------------------------------------
CONTENTS OF LOG FILE
----------------------------------------------------------------------
{'name': 'systemd', 'username': 'root', 'pid': 1} 
{'name': 'kthreadd', 'username': 'root', 'pid': 2} 
{'name': 'rcu_gp', 'username': 'root', 'pid': 3} 
{'name': 'rcu_par_gp', 'username': 'root', 'pid': 4} 
{'name': 'slub_flushwq', 'username': 'root', 'pid': 5} 
{'name': 'netns', 'username': 'root', 'pid': 6} 
{'name': 'kworker/0:0H-events_highpri', 'username': 'root', 'pid': 8} 
{'name': 'mm_percpu_wq', 'username': 'root', 'pid': 11} 
{'name': 'rcu_tasks_kthread', 'username': 'root', 'pid': 12} 
{'name': 'rcu_tasks_rude_kthread', 'username': 'root', 'pid': 13} 
{'name': 'rcu_tasks_trace_kthread', 'username': 'root', 'pid': 14} 
{'name': 'ksoftirqd/0', 'username': 'root', 'pid': 15} 
{'name': 'rcu_preempt', 'username': 'root', 'pid': 16} 
{'name': 'migration/0', 'username': 'root', 'pid': 17} 
{'name': 'idle_inject/0', 'username': 'root', 'pid': 18} 
{'name': 'cpuhp/0', 'username': 'root', 'pid': 19} 
{'name': 'cpuhp/2', 'username': 'root', 'pid': 20} 
{'name': 'idle_inject/2', 'username': 'root', 'pid': 21} 
{'name': 'migration/2', 'username': 'root', 'pid': 22} 
{'name': 'ksoftirqd/2', 'username': 'root', 'pid': 23} 
{'name': 'kworker/2:0H-events_highpri', 'username': 'root', 'pid': 25} 
{'name': 'cpuhp/4', 'username': 'root', 'pid': 26} 
{'name': 'idle_inject/4', 'username': 'root', 'pid': 27} 
{'name': 'migration/4', 'username': 'root', 'pid': 28} 
{'name': 'ksoftirqd/4', 'username': 'root', 'pid': 29} 
{'name': 'kworker/4:0H-events_highpri', 'username': 'root', 'pid': 31} 
{'name': 'cpuhp/6', 'username': 'root', 'pid': 32} 
{'name': 'idle_inject/6', 'username': 'root', 'pid': 33} 
{'name': 'migration/6', 'username': 'root', 'pid': 34} 
{'name': 'ksoftirqd/6', 'username': 'root', 'pid': 35} 
{'name': 'kworker/6:0H-events_highpri', 'username': 'root', 'pid': 37} 
{'name': 'cpuhp/8', 'username': 'root', 'pid': 38} 
{'name': 'idle_inject/8', 'username': 'root', 'pid': 39} 
{'name': 'migration/8', 'username': 'root', 'pid': 40} 
{'name': 'ksoftirqd/8', 'username': 'root', 'pid': 41} 
{'name': 'kworker/8:0H-events_highpri', 'username': 'root', 'pid': 43} 
{'name': 'cpuhp/9', 'username': 'root', 'pid': 44} 
{'name': 'idle_inject/9', 'username': 'root', 'pid': 45} 
{'name': 'migration/9', 'username': 'root', 'pid': 46} 
{'name': 'ksoftirqd/9', 'username': 'root', 'pid': 47} 
{'name': 'kworker/9:0H-events_highpri', 'username': 'root', 'pid': 49} 
{'name': 'cpuhp/10', 'username': 'root', 'pid': 50} 
{'name': 'idle_inject/10', 'username': 'root', 'pid': 51} 
{'name': 'migration/10', 'username': 'root', 'pid': 52} 
{'name': 'ksoftirqd/10', 'username': 'root', 'pid': 53} 
{'name': 'kworker/10:0H-events_highpri', 'username': 'root', 'pid': 55} 
{'name': 'cpuhp/11', 'username': 'root', 'pid': 56} 
{'name': 'idle_inject/11', 'username': 'root', 'pid': 57} 
{'name': 'migration/11', 'username': 'root', 'pid': 58} 
{'name': 'ksoftirqd/11', 'username': 'root', 'pid': 59} 
{'name': 'kworker/11:0H-events_highpri', 'username': 'root', 'pid': 61} 
{'name': 'cpuhp/12', 'username': 'root', 'pid': 62} 
{'name': 'idle_inject/12', 'username': 'root', 'pid': 63} 
{'name': 'migration/12', 'username': 'root', 'pid': 64} 
{'name': 'ksoftirqd/12', 'username': 'root', 'pid': 65} 
{'name': 'kworker/12:0H-events_highpri', 'username': 'root', 'pid': 67} 
{'name': 'cpuhp/13', 'username': 'root', 'pid': 68} 
{'name': 'idle_inject/13', 'username': 'root', 'pid': 69} 
{'name': 'migration/13', 'username': 'root', 'pid': 70} 
{'name': 'ksoftirqd/13', 'username': 'root', 'pid': 71} 
{'name': 'kworker/13:0H-events_highpri', 'username': 'root', 'pid': 73} 
{'name': 'cpuhp/14', 'username': 'root', 'pid': 74} 
{'name': 'idle_inject/14', 'username': 'root', 'pid': 75} 
{'name': 'migration/14', 'username': 'root', 'pid': 76} 
{'name': 'ksoftirqd/14', 'username': 'root', 'pid': 77} 
{'name': 'kworker/14:0H-events_highpri', 'username': 'root', 'pid': 79} 
{'name': 'cpuhp/15', 'username': 'root', 'pid': 80} 
{'name': 'idle_inject/15', 'username': 'root', 'pid': 81} 
{'name': 'migration/15', 'username': 'root', 'pid': 82} 
{'name': 'ksoftirqd/15', 'username': 'root', 'pid': 83} 
{'name': 'kworker/15:0H-events_highpri', 'username': 'root', 'pid': 85} 
{'name': 'cpuhp/1', 'username': 'root', 'pid': 86} 
{'name': 'idle_inject/1', 'username': 'root', 'pid': 87} 
{'name': 'migration/1', 'username': 'root', 'pid': 88} 
{'name': 'ksoftirqd/1', 'username': 'root', 'pid': 89} 
{'name': 'kworker/1:0H-events_highpri', 'username': 'root', 'pid': 91} 
{'name': 'cpuhp/3', 'username': 'root', 'pid': 92} 
{'name': 'idle_inject/3', 'username': 'root', 'pid': 93} 
{'name': 'migration/3', 'username': 'root', 'pid': 94} 
{'name': 'ksoftirqd/3', 'username': 'root', 'pid': 95} 
{'name': 'kworker/3:0H-events_highpri', 'username': 'root', 'pid': 97} 
{'name': 'cpuhp/5', 'username': 'root', 'pid': 98} 
{'name': 'idle_inject/5', 'username': 'root', 'pid': 99} 
{'name': 'migration/5', 'username': 'root', 'pid': 100} 
{'name': 'ksoftirqd/5', 'username': 'root', 'pid': 101} 
{'name': 'kworker/5:0H-events_highpri', 'username': 'root', 'pid': 103} 
{'name': 'cpuhp/7', 'username': 'root', 'pid': 104} 
{'name': 'idle_inject/7', 'username': 'root', 'pid': 105} 
{'name': 'migration/7', 'username': 'root', 'pid': 106} 
{'name': 'ksoftirqd/7', 'username': 'root', 'pid': 107} 
{'name': 'kworker/7:0H-events_highpri', 'username': 'root', 'pid': 109} 
{'name': 'kdevtmpfs', 'username': 'root', 'pid': 110} 
{'name': 'inet_frag_wq', 'username': 'root', 'pid': 111} 
{'name': 'kauditd', 'username': 'root', 'pid': 112} 
{'name': 'khungtaskd', 'username': 'root', 'pid': 114} 
{'name': 'oom_reaper', 'username': 'root', 'pid': 115} 
{'name': 'writeback', 'username': 'root', 'pid': 117} 
{'name': 'kcompactd0', 'username': 'root', 'pid': 118} 
{'name': 'ksmd', 'username': 'root', 'pid': 119} 
{'name': 'khugepaged', 'username': 'root', 'pid': 121} 
{'name': 'kintegrityd', 'username': 'root', 'pid': 122} 
{'name': 'kblockd', 'username': 'root', 'pid': 123} 
{'name': 'blkcg_punt_bio', 'username': 'root', 'pid': 124} 
{'name': 'kworker/13:1-events', 'username': 'root', 'pid': 137} 
{'name': 'tpm_dev_wq', 'username': 'root', 'pid': 139} 
{'name': 'ata_sff', 'username': 'root', 'pid': 140} 
{'name': 'md', 'username': 'root', 'pid': 141} 
{'name': 'md_bitmap', 'username': 'root', 'pid': 142} 
{'name': 'edac-poller', 'username': 'root', 'pid': 143} 
{'name': 'devfreq_wq', 'username': 'root', 'pid': 144} 
{'name': 'watchdogd', 'username': 'root', 'pid': 145} 
{'name': 'kworker/4:1H-events_highpri', 'username': 'root', 'pid': 146} 
{'name': 'kswapd0', 'username': 'root', 'pid': 147} 
{'name': 'ecryptfs-kthread', 'username': 'root', 'pid': 148} 
{'name': 'kthrotld', 'username': 'root', 'pid': 149} 
{'name': 'irq/123-pciehp', 'username': 'root', 'pid': 150} 
{'name': 'acpi_thermal_pm', 'username': 'root', 'pid': 151} 
{'name': 'hwrng', 'username': 'root', 'pid': 152} 
{'name': 'hfi-updates', 'username': 'root', 'pid': 153} 
{'name': 'mld', 'username': 'root', 'pid': 156} 
{'name': 'ipv6_addrconf', 'username': 'root', 'pid': 157} 
{'name': 'kstrp', 'username': 'root', 'pid': 164} 
{'name': 'charger_manager', 'username': 'root', 'pid': 171} 
{'name': 'kworker/6:1H-events_highpri', 'username': 'root', 'pid': 191} 
{'name': 'kworker/0:1H-events_highpri', 'username': 'root', 'pid': 194} 
{'name': 'kworker/2:1H-events_highpri', 'username': 'root', 'pid': 195} 
{'name': 'kworker/1:1H-events_highpri', 'username': 'root', 'pid': 208} 
{'name': 'kworker/10:1H-events_highpri', 'username': 'root', 'pid': 210} 
{'name': 'kworker/3:1H-events_highpri', 'username': 'root', 'pid': 211} 
{'name': 'kworker/7:1H-events_highpri', 'username': 'root', 'pid': 212} 
{'name': 'kworker/5:1H-events_highpri', 'username': 'root', 'pid': 213} 
{'name': 'kworker/8:1H-kblockd', 'username': 'root', 'pid': 214} 
{'name': 'kworker/9:1H-events_highpri', 'username': 'root', 'pid': 215} 
{'name': 'kworker/13:1H-events_highpri', 'username': 'root', 'pid': 216} 
{'name': 'kworker/11:1H-events_highpri', 'username': 'root', 'pid': 217} 
{'name': 'kworker/14:1H-events_highpri', 'username': 'root', 'pid': 218} 
{'name': 'kworker/15:1H-events_highpri', 'username': 'root', 'pid': 219} 
{'name': 'kworker/12:1H-events_highpri', 'username': 'root', 'pid': 237} 
{'name': 'cryptd', 'username': 'root', 'pid': 273} 
{'name': 'irq/163-ELAN0518:01', 'username': 'root', 'pid': 275} 
{'name': 'USBC000:00-con1', 'username': 'root', 'pid': 281} 
{'name': 'scsi_eh_0', 'username': 'root', 'pid': 282} 
{'name': 'scsi_tmf_0', 'username': 'root', 'pid': 283} 
{'name': 'nvme-wq', 'username': 'root', 'pid': 284} 
{'name': 'nvme-reset-wq', 'username': 'root', 'pid': 285} 
{'name': 'nvme-delete-wq', 'username': 'root', 'pid': 286} 
{'name': 'nvme-auth-wq', 'username': 'root', 'pid': 287} 
{'name': 'nv_queue', 'username': 'root', 'pid': 289} 
{'name': 'nv_queue', 'username': 'root', 'pid': 290} 
{'name': 'nvidia-modeset/kthread_q', 'username': 'root', 'pid': 292} 
{'name': 'nvidia-modeset/deferred_close_kthread_q', 'username': 'root', 'pid': 293} 
{'name': 'irq/175-nvidia', 'username': 'root', 'pid': 295} 
{'name': 'nvidia', 'username': 'root', 'pid': 296} 
{'name': 'nv_queue', 'username': 'root', 'pid': 297} 
{'name': 'ttm', 'username': 'root', 'pid': 298} 
{'name': 'card1-crtc0', 'username': 'root', 'pid': 299} 
{'name': 'card1-crtc1', 'username': 'root', 'pid': 300} 
{'name': 'card1-crtc2', 'username': 'root', 'pid': 301} 
{'name': 'card1-crtc3', 'username': 'root', 'pid': 302} 
{'name': 'jbd2/nvme0n1p2-8', 'username': 'root', 'pid': 428} 
{'name': 'ext4-rsv-conver', 'username': 'root', 'pid': 429} 
{'name': 'systemd-journald', 'username': 'root', 'pid': 473} 
{'name': 'systemd-udevd', 'username': 'root', 'pid': 530} 
{'name': 'UVM global queue', 'username': 'root', 'pid': 671} 
{'name': 'UVM deferred release queue', 'username': 'root', 'pid': 672} 
{'name': 'UVM Tools Event Queue', 'username': 'root', 'pid': 673} 
{'name': 'cfg80211', 'username': 'root', 'pid': 685} 
{'name': 'irq/177-mei_me', 'username': 'root', 'pid': 688} 
{'name': 'irq/178-iwlwifi:default_queue', 'username': 'root', 'pid': 743} 
{'name': 'irq/179-iwlwifi:queue_1', 'username': 'root', 'pid': 744} 
{'name': 'irq/180-iwlwifi:queue_2', 'username': 'root', 'pid': 745} 
{'name': 'irq/181-iwlwifi:queue_3', 'username': 'root', 'pid': 746} 
{'name': 'irq/182-iwlwifi:queue_4', 'username': 'root', 'pid': 747} 
{'name': 'irq/183-iwlwifi:queue_5', 'username': 'root', 'pid': 748} 
{'name': 'irq/184-iwlwifi:queue_6', 'username': 'root', 'pid': 749} 
{'name': 'irq/185-iwlwifi:queue_7', 'username': 'root', 'pid': 751} 
{'name': 'irq/186-iwlwifi:queue_8', 'username': 'root', 'pid': 752} 
{'name': 'irq/187-iwlwifi:queue_9', 'username': 'root', 'pid': 753} 
{'name': 'irq/188-iwlwifi:queue_10', 'username': 'root', 'pid': 754} 
{'name': 'irq/189-iwlwifi:queue_11', 'username': 'root', 'pid': 755} 
{'name': 'irq/190-iwlwifi:queue_12', 'username': 'root', 'pid': 756} 
{'name': 'irq/191-iwlwifi:queue_13', 'username': 'root', 'pid': 757} 
{'name': 'irq/192-iwlwifi:queue_14', 'username': 'root', 'pid': 758} 
{'name': 'irq/193-iwlwifi:exception', 'username': 'root', 'pid': 759} 
{'name': 'systemd-oomd', 'username': 'systemd-oom', 'pid': 796} 
{'name': 'systemd-resolved', 'username': 'systemd-resolve', 'pid': 798} 
{'name': 'systemd-timesyncd', 'username': 'systemd-timesync', 'pid': 799} 
{'name': 'haveged', 'username': 'root', 'pid': 802} 
{'name': 'irq/195-AudioDSP', 'username': 'root', 'pid': 873} 
{'name': 'accounts-daemon', 'username': 'root', 'pid': 875} 
{'name': 'acpid', 'username': 'root', 'pid': 876} 
{'name': 'avahi-daemon', 'username': 'avahi', 'pid': 879} 
{'name': 'bluetoothd', 'username': 'root', 'pid': 880} 
{'name': 'cron', 'username': 'root', 'pid': 882} 
{'name': 'dbus-daemon', 'username': 'messagebus', 'pid': 883} 
{'name': 'NetworkManager', 'username': 'root', 'pid': 888} 
{'name': 'irqbalance', 'username': 'root', 'pid': 894} 
{'name': 'polkitd', 'username': 'root', 'pid': 897} 
{'name': 'power-profiles-daemon', 'username': 'root', 'pid': 899} 
{'name': 'nvidia-persistenced', 'username': 'nvidia-persistenced', 'pid': 901} 
{'name': 'rsyslogd', 'username': 'syslog', 'pid': 902} 
{'name': 'smartd', 'username': 'root', 'pid': 906} 
{'name': 'snapd', 'username': 'root', 'pid': 911} 
{'name': 'switcheroo-control', 'username': 'root', 'pid': 913} 
{'name': 'systemd-logind', 'username': 'root', 'pid': 916} 
{'name': 'thermald', 'username': 'root', 'pid': 919} 
{'name': 'udisksd', 'username': 'root', 'pid': 921} 
{'name': 'wpa_supplicant', 'username': 'root', 'pid': 923} 
{'name': 'avahi-daemon', 'username': 'avahi', 'pid': 929} 
{'name': 'cupsd', 'username': 'root', 'pid': 978} 
{'name': 'canonical-livepatchd', 'username': 'root', 'pid': 980} 
{'name': 'ModemManager', 'username': 'root', 'pid': 995} 
{'name': 'boltd', 'username': 'root', 'pid': 997} 
{'name': 'unattended-upgr', 'username': 'root', 'pid': 1007} 
{'name': 'containerd', 'username': 'root', 'pid': 1009} 
{'name': 'dbus', 'username': 'lp', 'pid': 1012} 
{'name': 'dbus', 'username': 'lp', 'pid': 1013} 
{'name': 'sddm', 'username': 'root', 'pid': 1045} 
{'name': 'Xorg', 'username': 'root', 'pid': 1061} 
{'name': 'upowerd', 'username': 'root', 'pid': 1122} 
{'name': 'rtkit-daemon', 'username': 'rtkit', 'pid': 1229} 
{'name': 'krfcommd', 'username': 'root', 'pid': 1322} 
{'name': 'cups-browsed', 'username': 'root', 'pid': 1596} 
{'name': 'dockerd', 'username': 'root', 'pid': 1603} 
{'name': 'kerneloops', 'username': 'kernoops', 'pid': 1612} 
{'name': 'kerneloops', 'username': 'kernoops', 'pid': 1619} 
{'name': 'sddm-helper', 'username': 'root', 'pid': 2476} 
{'name': 'systemd', 'username': 'jiteshvarade', 'pid': 2478} 
{'name': '(sd-pam)', 'username': 'jiteshvarade', 'pid': 2480} 
{'name': 'pipewire', 'username': 'jiteshvarade', 'pid': 2486} 
{'name': 'pipewire-media-session', 'username': 'jiteshvarade', 'pid': 2487} 
{'name': 'pulseaudio', 'username': 'jiteshvarade', 'pid': 2488} 
{'name': 'dbus-daemon', 'username': 'jiteshvarade', 'pid': 2497} 
{'name': 'gnome-keyring-daemon', 'username': 'jiteshvarade', 'pid': 2499} 
{'name': 'xdg-document-portal', 'username': 'jiteshvarade', 'pid': 2518} 
{'name': 'xdg-permission-store', 'username': 'jiteshvarade', 'pid': 2521} 
{'name': 'fusermount3', 'username': 'jiteshvarade', 'pid': 2527} 
{'name': 'kwalletd5', 'username': 'jiteshvarade', 'pid': 2534} 
{'name': 'startplasma-x11', 'username': 'jiteshvarade', 'pid': 2541} 
{'name': 'ssh-agent', 'username': 'jiteshvarade', 'pid': 2608} 
{'name': 'ibus-daemon', 'username': 'jiteshvarade', 'pid': 2626} 
{'name': 'gvfsd', 'username': 'jiteshvarade', 'pid': 2634} 
{'name': 'gvfsd-fuse', 'username': 'jiteshvarade', 'pid': 2650} 
{'name': 'ibus-dconf', 'username': 'jiteshvarade', 'pid': 2652} 
{'name': 'ibus-ui-gtk3', 'username': 'jiteshvarade', 'pid': 2654} 
{'name': 'ibus-extension-gtk3', 'username': 'jiteshvarade', 'pid': 2658} 
{'name': 'ibus-x11', 'username': 'jiteshvarade', 'pid': 2661} 
{'name': 'ibus-portal', 'username': 'jiteshvarade', 'pid': 2665} 
{'name': 'gsettings-helper', 'username': 'jiteshvarade', 'pid': 2674} 
{'name': 'at-spi-bus-launcher', 'username': 'jiteshvarade', 'pid': 2723} 
{'name': 'dbus-daemon', 'username': 'jiteshvarade', 'pid': 2736} 
{'name': 'at-spi2-registryd', 'username': 'jiteshvarade', 'pid': 2749} 
{'name': 'ibus-engine-simple', 'username': 'jiteshvarade', 'pid': 2755} 
{'name': 'xdg-desktop-portal', 'username': 'jiteshvarade', 'pid': 2778} 
{'name': 'plasma_session', 'username': 'jiteshvarade', 'pid': 2779} 
{'name': 'xdg-desktop-portal-gnome', 'username': 'jiteshvarade', 'pid': 2791} 
{'name': 'start_kdeinit', 'username': 'jiteshvarade', 'pid': 2795} 
{'name': 'kdeinit5', 'username': 'jiteshvarade', 'pid': 2796} 
{'name': 'klauncher', 'username': 'jiteshvarade', 'pid': 2805} 
{'name': 'kded5', 'username': 'jiteshvarade', 'pid': 2857} 
{'name': 'kwin_x11', 'username': 'jiteshvarade', 'pid': 2866} 
{'name': 'xdg-desktop-portal-kde', 'username': 'jiteshvarade', 'pid': 2867} 
{'name': 'kactivitymanagerd', 'username': 'jiteshvarade', 'pid': 2870} 
{'name': 'kglobalaccel5', 'username': 'jiteshvarade', 'pid': 2871} 
{'name': 'xdg-desktop-portal-gtk', 'username': 'jiteshvarade', 'pid': 2883} 
{'name': 'gnome-keyring-daemon', 'username': 'jiteshvarade', 'pid': 2930} 
{'name': 'ksmserver', 'username': 'jiteshvarade', 'pid': 2937} 
{'name': 'dconf-service', 'username': 'jiteshvarade', 'pid': 2945} 
{'name': 'kaccess', 'username': 'jiteshvarade', 'pid': 2954} 
{'name': 'org_kde_powerdevil', 'username': 'jiteshvarade', 'pid': 2958} 
{'name': 'xembedsniproxy', 'username': 'jiteshvarade', 'pid': 2960} 
{'name': 'xsettingsd', 'username': 'jiteshvarade', 'pid': 2962} 
{'name': 'polkit-kde-authentication-agent-1', 'username': 'jiteshvarade', 'pid': 2965} 
{'name': 'plasmashell', 'username': 'jiteshvarade', 'pid': 2968} 
{'name': 'kdeconnectd', 'username': 'jiteshvarade', 'pid': 2987} 
{'name': 'DiscoverNotifier', 'username': 'jiteshvarade', 'pid': 2990} 
{'name': 'gmenudbusmenuproxy', 'username': 'jiteshvarade', 'pid': 2997} 
{'name': 'agent', 'username': 'jiteshvarade', 'pid': 3047} 
{'name': 'packagekitd', 'username': 'root', 'pid': 3055} 
{'name': 'evolution-alarm-notify', 'username': 'jiteshvarade', 'pid': 3105} 
{'name': 'tracker-miner-fs-3', 'username': 'jiteshvarade', 'pid': 3113} 
{'name': 'kscreen_backend_launcher', 'username': 'jiteshvarade', 'pid': 3143} 
{'name': 'evolution-source-registry', 'username': 'jiteshvarade', 'pid': 3151} 
{'name': 'goa-daemon', 'username': 'jiteshvarade', 'pid': 3159} 
{'name': 'goa-identity-service', 'username': 'jiteshvarade', 'pid': 3169} 
{'name': 'evolution-calendar-factory', 'username': 'jiteshvarade', 'pid': 3179} 
{'name': 'obexd', 'username': 'jiteshvarade', 'pid': 3185} 
{'name': 'evolution-addressbook-factory', 'username': 'jiteshvarade', 'pid': 3198} 
{'name': 'snapd-desktop-integration', 'username': 'jiteshvarade', 'pid': 3235} 
{'name': 'snapd-desktop-integration', 'username': 'jiteshvarade', 'pid': 3293} 
{'name': 'gvfs-udisks2-volume-monitor', 'username': 'jiteshvarade', 'pid': 3437} 
{'name': 'gvfs-gphoto2-volume-monitor', 'username': 'jiteshvarade', 'pid': 3442} 
{'name': 'gvfs-goa-volume-monitor', 'username': 'jiteshvarade', 'pid': 3446} 
{'name': 'gvfs-afc-volume-monitor', 'username': 'jiteshvarade', 'pid': 3450} 
{'name': 'gvfs-mtp-volume-monitor', 'username': 'jiteshvarade', 'pid': 3455} 
{'name': 'kioslave5', 'username': 'jiteshvarade', 'pid': 3521} 
{'name': 'kworker/8:0-events', 'username': 'root', 'pid': 3664} 
{'name': 'chrome', 'username': 'jiteshvarade', 'pid': 4673} 
{'name': 'cat', 'username': 'jiteshvarade', 'pid': 4678} 
{'name': 'cat', 'username': 'jiteshvarade', 'pid': 4679} 
{'name': 'chrome_crashpad_handler', 'username': 'jiteshvarade', 'pid': 4681} 
{'name': 'chrome_crashpad_handler', 'username': 'jiteshvarade', 'pid': 4683} 
{'name': 'chrome', 'username': 'jiteshvarade', 'pid': 4689} 
{'name': 'chrome', 'username': 'jiteshvarade', 'pid': 4690} 
{'name': 'chrome', 'username': 'jiteshvarade', 'pid': 4692} 
{'name': 'chrome', 'username': 'jiteshvarade', 'pid': 4720} 
{'name': 'chrome', 'username': 'jiteshvarade', 'pid': 4724} 
{'name': 'chrome', 'username': 'jiteshvarade', 'pid': 4735} 
{'name': 'chrome', 'username': 'jiteshvarade', 'pid': 4810} 
{'name': 'chrome', 'username': 'jiteshvarade', 'pid': 5071} 
{'name': 'zoom', 'username': 'jiteshvarade', 'pid': 5253} 
{'name': 'zoom', 'username': 'jiteshvarade', 'pid': 5254} 
{'name': 'zoom', 'username': 'jiteshvarade', 'pid': 5267} 
{'name': 'zoom', 'username': 'jiteshvarade', 'pid': 5268} 
{'name': 'zoom', 'username': 'jiteshvarade', 'pid': 5284} 
{'name': 'zoom', 'username': 'jiteshvarade', 'pid': 5299} 
{'name': 'zoom', 'username': 'jiteshvarade', 'pid': 5369} 
{'name': 'chrome', 'username': 'jiteshvarade', 'pid': 5526} 
{'name': 'gvfsd-trash', 'username': 'jiteshvarade', 'pid': 5788} 
{'name': 'gvfsd-burn', 'username': 'jiteshvarade', 'pid': 5814} 
{'name': 'gvfsd-metadata', 'username': 'jiteshvarade', 'pid': 5912} 
{'name': 'kworker/u32:3-flush-259:0', 'username': 'root', 'pid': 10717} 
{'name': 'kworker/15:0-i915-unordered', 'username': 'root', 'pid': 11363} 
{'name': 'tls-strp', 'username': 'root', 'pid': 12807} 
{'name': 'kworker/7:2-events', 'username': 'root', 'pid': 13093} 
{'name': 'kworker/2:0-events', 'username': 'root', 'pid': 13812} 
{'name': 'kworker/8:1', 'username': 'root', 'pid': 13824} 
{'name': 'kworker/3:1-i915-unordered', 'username': 'root', 'pid': 14769} 
{'name': 'kworker/6:1-i915-unordered', 'username': 'root', 'pid': 25730} 
{'name': 'kworker/1:0-events', 'username': 'root', 'pid': 28047} 
{'name': 'kworker/1:1-events', 'username': 'root', 'pid': 30182} 
{'name': 'kworker/u32:1-i915', 'username': 'root', 'pid': 30974} 
{'name': 'kworker/0:1', 'username': 'root', 'pid': 31337} 
{'name': 'chrome', 'username': 'jiteshvarade', 'pid': 31538} 
{'name': 'chrome', 'username': 'jiteshvarade', 'pid': 31604} 
{'name': 'nautilus', 'username': 'jiteshvarade', 'pid': 31723} 
{'name': 'gnome-terminal-server', 'username': 'jiteshvarade', 'pid': 31754} 
{'name': 'bash', 'username': 'jiteshvarade', 'pid': 31780} 
{'name': 'code', 'username': 'jiteshvarade', 'pid': 32008} 
{'name': 'code', 'username': 'jiteshvarade', 'pid': 32011} 
{'name': 'code', 'username': 'jiteshvarade', 'pid': 32012} 
{'name': 'code', 'username': 'jiteshvarade', 'pid': 32014} 
{'name': 'chrome_crashpad_handler', 'username': 'jiteshvarade', 'pid': 32028} 
{'name': 'code', 'username': 'jiteshvarade', 'pid': 32043} 
{'name': 'code', 'username': 'jiteshvarade', 'pid': 32048} 
{'name': 'code', 'username': 'jiteshvarade', 'pid': 32063} 
{'name': 'code', 'username': 'jiteshvarade', 'pid': 32141} 
{'name': 'code', 'username': 'jiteshvarade', 'pid': 32152} 
{'name': 'code', 'username': 'jiteshvarade', 'pid': 32153} 
{'name': 'code', 'username': 'jiteshvarade', 'pid': 32222} 
{'name': 'code', 'username': 'jiteshvarade', 'pid': 32356} 
{'name': 'code', 'username': 'jiteshvarade', 'pid': 32364} 
{'name': 'bash', 'username': 'jiteshvarade', 'pid': 32384} 
{'name': 'code', 'username': 'jiteshvarade', 'pid': 32612} 
{'name': 'code', 'username': 'jiteshvarade', 'pid': 32666} 
{'name': 'kworker/14:1-mm_percpu_wq', 'username': 'root', 'pid': 32756} 
{'name': 'kworker/2:1', 'username': 'root', 'pid': 33328} 
{'name': 'kworker/15:1-i915-unordered', 'username': 'root', 'pid': 34276} 
{'name': 'kworker/4:2-events', 'username': 'root', 'pid': 34633} 
{'name': 'kworker/7:1', 'username': 'root', 'pid': 38516} 
{'name': 'kworker/u33:2-uvcvideo', 'username': 'root', 'pid': 39473} 
{'name': 'kworker/12:2-events', 'username': 'root', 'pid': 40469} 
{'name': 'kworker/11:0-i915-unordered', 'username': 'root', 'pid': 40782} 
{'name': 'kworker/9:2-events', 'username': 'root', 'pid': 41118} 
{'name': 'kworker/14:0-events', 'username': 'root', 'pid': 41231} 
{'name': 'kworker/5:0-mm_percpu_wq', 'username': 'root', 'pid': 41789} 
{'name': 'kworker/11:2-events', 'username': 'root', 'pid': 42234} 
{'name': 'kworker/6:0-events', 'username': 'root', 'pid': 42301} 
{'name': 'kworker/u33:1-rb_allocator', 'username': 'root', 'pid': 42546} 
{'name': 'kworker/12:1-events', 'username': 'root', 'pid': 42959} 
{'name': 'kworker/3:0-mm_percpu_wq', 'username': 'root', 'pid': 43524} 
{'name': 'kworker/u32:2-i915', 'username': 'root', 'pid': 43662} 
{'name': 'kworker/9:0-mm_percpu_wq', 'username': 'root', 'pid': 43996} 
{'name': 'kworker/u33:4+i915_flip', 'username': 'root', 'pid': 44223} 
{'name': 'kworker/10:2-i915-unordered', 'username': 'root', 'pid': 44394} 
{'name': 'kworker/u32:4-events_unbound', 'username': 'root', 'pid': 44453} 
{'name': 'kworker/5:1', 'username': 'root', 'pid': 44889} 
{'name': 'kworker/13:0-events', 'username': 'root', 'pid': 45182} 
{'name': 'kworker/4:0', 'username': 'root', 'pid': 45257} 
{'name': 'kworker/0:0-events', 'username': 'root', 'pid': 45818} 
{'name': 'kworker/u33:0-rb_allocator', 'username': 'root', 'pid': 45828} 
{'name': 'kworker/10:0-events', 'username': 'root', 'pid': 45937} 
{'name': 'chrome', 'username': 'jiteshvarade', 'pid': 46661} 
{'name': 'kworker/u33:3+i915_flip', 'username': 'root', 'pid': 46770} 
{'name': 'chrome', 'username': 'jiteshvarade', 'pid': 47387} 
{'name': 'kworker/u32:0-i915', 'username': 'root', 'pid': 47468} 
{'name': 'kworker/11:1-events', 'username': 'root', 'pid': 47479} 
{'name': 'python3', 'username': 'jiteshvarade', 'pid': 48016} 
{'name': 'kworker/10:1', 'username': 'root', 'pid': 48098} 
{'name': 'kworker/3:2-events', 'username': 'root', 'pid': 48505} 
----------------------------------------------------------------------
